[2020-11-11 03:38:04.018][trace][17564][0] src/app/srs_app_config.cpp:1548: srs checking config...
[2020-11-11 03:38:04.018][trace][17564][0] src/app/srs_app_utility.cpp:1261: detect intranet address: 127.0.0.1, ifname=lo
[2020-11-11 03:38:04.018][trace][17564][0] src/app/srs_app_utility.cpp:1255: retrieve local ipv4 ip=10.0.0.17, index=0
[2020-11-11 03:38:04.018][trace][17564][0] src/app/srs_app_utility.cpp:1261: detect intranet address: 10.0.0.17, ifname=eth0
[2020-11-11 03:38:04.018][trace][17564][0] src/app/srs_app_utility.cpp:1255: retrieve local ipv4 ip=172.17.0.1, index=1
[2020-11-11 03:38:04.018][trace][17564][0] src/app/srs_app_utility.cpp:1261: detect intranet address: 172.17.0.1, ifname=docker0
[2020-11-11 03:38:04.018][trace][17564][0] src/app/srs_app_utility.cpp:1255: retrieve local ipv4 ip=169.254.254.254, index=2
[2020-11-11 03:38:04.018][trace][17564][0] src/app/srs_app_utility.cpp:1264: detect internet address: 169.254.254.254, ifname=netdata
[2020-11-11 03:38:04.018][trace][17564][0] src/app/srs_app_utility.cpp:1255: retrieve local ipv4 ip=169.254.1.153, index=3
[2020-11-11 03:38:04.018][trace][17564][0] src/app/srs_app_utility.cpp:1264: detect internet address: 169.254.1.153, ifname=gollum
[2020-11-11 03:38:04.018][warn][17564][0][2] src/app/srs_app_config.cpp:1718: stats network use index=0, ip=10.0.0.17
[2020-11-11 03:38:04.018][warn][17564][0][2] src/app/srs_app_config.cpp:1723: stats disk not configed, disk iops disabled.
[2020-11-11 03:38:04.018][trace][17564][0] src/app/srs_app_config.cpp:1764: write log to file /var/log/uap/miniapp_srs_7245.log
[2020-11-11 03:38:04.018][trace][17564][0] src/app/srs_app_config.cpp:1765: you can: tailf /var/log/uap/miniapp_srs_7245.log
[2020-11-11 03:38:04.018][trace][17564][0] src/app/srs_app_config.cpp:1766: @see: https://github.com/ossrs/srs/wiki/v1_CN_SrsLog
[2020-11-11 03:38:04.019][trace][17564][0] src/main/srs_main_server.cpp:295: SRS/2.0.215(ZhouGuowen), stable is SRS/1.0release
[2020-11-11 03:38:04.019][trace][17564][0] src/main/srs_main_server.cpp:296: license: The MIT License (MIT), Copyright (c) 2013-2015 SRS(ossrs)
[2020-11-11 03:38:04.019][trace][17564][0] src/main/srs_main_server.cpp:297: primary/master: SRS/1.0release
[2020-11-11 03:38:04.019][trace][17564][0] src/main/srs_main_server.cpp:298: authors: winlin,wenjie.zhao
[2020-11-11 03:38:04.019][trace][17564][0] src/main/srs_main_server.cpp:299: contributors: 
[2020-11-11 03:38:04.019][trace][17564][0] src/main/srs_main_server.cpp:300: uname: Linux 5060d782d3d9 5.4.39-linuxkit #1 SMP Fri May 8 23:03:06 UTC 2020 x86_64 x86_64 x86_64 GNU/Linux
[2020-11-11 03:38:04.019][trace][17564][0] src/main/srs_main_server.cpp:301: build: 2020-11-08 10:18:56, little-endian
[2020-11-11 03:38:04.019][trace][17564][0] src/main/srs_main_server.cpp:302: configure: --x86-x64  --without-utest --without-gperf
[2020-11-11 03:38:04.019][trace][17564][0] src/main/srs_main_server.cpp:303: features: --prefix=/usr/local/srs --with-hls --with-hds --with-dvr --without-nginx --with-ssl --without-ffmpeg --with-transcode --with-ingest --with-stat --with-http-callback --with-http-server --without-stream-caster --with-http-api --with-librtmp --without-research --without-utest --without-gperf --without-gmc --without-gmp --without-gcp --without-gprof --without-arm-ubuntu12 --without-mips-ubuntu12 --log-trace
[2020-11-11 03:38:04.019][trace][17564][0] src/main/srs_main_server.cpp:308: conf: conf/rtmp-7245.conf, limit: 1000, external shell: 
[2020-11-11 03:38:04.019][trace][17564][0] src/main/srs_main_server.cpp:210: writev limits write 1024 iovs a time
[2020-11-11 03:38:04.019][warn][17564][0][2] src/main/srs_main_server.cpp:214: SRS 2.0.215 is not stable, please use stable branch 1.0release instead
[2020-11-11 03:38:04.019][trace][17564][0] src/main/srs_main_server.cpp:233: cpu is amd64, glibc 2.19
[2020-11-11 03:38:04.019][trace][17564][0] src/main/srs_main_server.cpp:236: cpu is x86_64, glibc 2.19
[2020-11-11 03:38:04.019][trace][17564][0] src/main/srs_main_server.cpp:66: check feature rtmp handshake: on
[2020-11-11 03:38:04.019][trace][17564][0] src/main/srs_main_server.cpp:72: check feature hls: on
[2020-11-11 03:38:04.019][trace][17564][0] src/main/srs_main_server.cpp:78: check feature hds: on
[2020-11-11 03:38:04.019][trace][17564][0] src/main/srs_main_server.cpp:84: check feature http callback: on
[2020-11-11 03:38:04.019][trace][17564][0] src/main/srs_main_server.cpp:90: check feature http api: on
[2020-11-11 03:38:04.019][trace][17564][0] src/main/srs_main_server.cpp:96: check feature http server: on
[2020-11-11 03:38:04.019][trace][17564][0] src/main/srs_main_server.cpp:102: check feature http parser: on
[2020-11-11 03:38:04.019][trace][17564][0] src/main/srs_main_server.cpp:108: check feature dvr: on
[2020-11-11 03:38:04.019][trace][17564][0] src/main/srs_main_server.cpp:114: check feature transcode: on
[2020-11-11 03:38:04.019][trace][17564][0] src/main/srs_main_server.cpp:120: check feature ingest: on
[2020-11-11 03:38:04.019][trace][17564][0] src/main/srs_main_server.cpp:126: check feature system stat: on
[2020-11-11 03:38:04.019][warn][17564][0][2] src/main/srs_main_server.cpp:134: check feature compile nginx: off
[2020-11-11 03:38:04.019][warn][17564][0][2] src/main/srs_main_server.cpp:140: check feature compile ffmpeg: off
[2020-11-11 03:38:04.019][warn][17564][0][2] src/main/srs_main_server.cpp:146: stream caster: off
[2020-11-11 03:38:04.019][trace][17564][0] src/main/srs_main_server.cpp:150: MR(merged-read): on, @see https://github.com/ossrs/srs/issues/241
[2020-11-11 03:38:04.019][trace][17564][0] src/main/srs_main_server.cpp:155: MR(merged-read) default 0 sleep 350
[2020-11-11 03:38:04.019][trace][17564][0] src/main/srs_main_server.cpp:156: MW(merged-write) default sleep 350
[2020-11-11 03:38:04.019][trace][17564][0] src/main/srs_main_server.cpp:157: read chunk stream cache cid [0, 16)
[2020-11-11 03:38:04.019][trace][17564][0] src/main/srs_main_server.cpp:158: default gop cache 1, play queue 350s
[2020-11-11 03:38:04.019][trace][17564][0] src/main/srs_main_server.cpp:163: complex send algorithm enabled.
[2020-11-11 03:38:04.019][warn][17564][0][2] src/main/srs_main_server.cpp:167: TCP_NODELAY enabled, may hurts performance.
[2020-11-11 03:38:04.019][trace][17564][0] src/main/srs_main_server.cpp:175: auto guess socket send buffer by merged write
[2020-11-11 03:38:04.019][trace][17564][0] src/main/srs_main_server.cpp:183: system default latency in ms: mw(0-350) + mr(0-350) + play-queue(0-1619199248)
[2020-11-11 03:38:04.019][trace][17564][0] src/app/srs_app_http_static.cpp:269: http: root mount to ./objs/nginx/html
[2020-11-11 03:38:04.019][trace][17564][0] src/app/srs_app_http_conn.cpp:1369: Init shell: 
[2020-11-11 03:38:04.019][trace][17564][0] src/app/srs_app_st.cpp:222: st_set_eventsys to epoll
[2020-11-11 03:38:04.019][trace][17564][0] src/app/srs_app_st.cpp:229: st_init success, use epoll
[2020-11-11 03:38:04.019][trace][17564][100] src/app/srs_app_server.cpp:645: server main cid=100
[2020-11-11 03:38:04.019][trace][17564][100] src/app/srs_app_server.cpp:730: write pid=17564 to /var/run/srs-7245.pid success!
[2020-11-11 03:38:04.029][trace][17564][100] src/app/srs_app_server.cpp:165: RTMP listen at tcp://0.0.0.0:7245, fd=9
[2020-11-11 03:38:04.029][trace][17564][100] src/app/srs_app_server.cpp:443: signal installed
[2020-11-11 03:38:04.039][trace][17564][100] src/app/srs_app_server.cpp:838: http: api mount /console to ./objs/nginx/html/console
[2020-11-11 03:38:04.050][trace][17564][100] src/app/srs_app_ingest.cpp:139: ingest thread cid=103, current_cid=100
[2020-11-11 03:38:44.451][trace][17564][0] src/app/srs_app_agora.cpp:1094: I(3608587121) join channel(sdktest123) success.
[2020-11-11 03:38:51.359][trace][17564][0] src/app/srs_app_agora.cpp:1156: user(1400290146) mute audio 1.
[2020-11-11 03:38:51.359][trace][17564][0] src/app/srs_app_agora.cpp:1156: user(1400290146) mute audio 0.
[2020-11-11 03:38:52.363][trace][17564][0] src/app/srs_app_agora.cpp:732: user(1400290146) joined.
[2020-11-11 03:38:52.385][trace][17564][104] src/app/srs_app_agora.cpp:1050: SrsAgoraGateWay:cycle on_publish: stream=UtSflPi4wuxgNW8eTKpqZAIBZkSfeY8j.
[2020-11-11 03:38:52.385][trace][17564][104] src/app/srs_app_source.cpp:1730: 4B audio sh, codec(10, profile=LC, 1channels, 0kbps, 48000HZ), flv(16bits, 2channels, 44100HZ)
[2020-11-11 03:38:54.031][trace][17564][101] src/app/srs_app_server.cpp:179: accept client, type: 0
[2020-11-11 03:38:54.041][trace][17564][108] src/app/srs_app_rtmp_conn.cpp:138: RTMP client ip=183.134.94.123
[2020-11-11 03:38:54.041][trace][17564][108] src/protocol/srs_rtmp_utility.cpp:113: srand initialized the random.
[2020-11-11 03:38:54.091][trace][17564][108] src/protocol/srs_rtmp_handshake.cpp:1131: simple handshake success.
[2020-11-11 03:38:54.093][trace][17564][108] src/app/srs_app_rtmp_conn.cpp:186: connect app, tcUrl=rtmp://120.131.14.112:7245/live, pageUrl=, swfUrl=, schema=rtmp, vhost=__defaultVhost__, port=7245, app=live, args=null
[2020-11-11 03:38:54.093][trace][17564][108] src/protocol/srs_rtmp_stack.cpp:1579: out chunk size to 256
[2020-11-11 03:38:54.225][trace][17564][108] src/protocol/srs_rtmp_stack.cpp:1508: set ack window size to 2500000
[2020-11-11 03:38:54.227][trace][17564][108] src/protocol/srs_rtmp_stack.cpp:1547: ignored. set buffer length to 300
[2020-11-11 03:38:54.229][trace][17564][108] src/protocol/srs_rtmp_stack.cpp:3224: ignore AMF0/AMF3 command message.
[2020-11-11 03:38:54.230][trace][17564][108] src/protocol/srs_rtmp_stack.cpp:3224: ignore AMF0/AMF3 command message.
[2020-11-11 03:38:54.273][trace][17564][108] src/app/srs_app_rtmp_conn.cpp:495: client identified, type=Play, stream_name=UtSflPi4wuxgNW8eTKpqZAIBZkSfeY8j, duration=-1.00
[2020-11-11 03:38:54.274][trace][17564][108] src/app/srs_app_rtmp_conn.cpp:561: source url=/live/UtSflPi4wuxgNW8eTKpqZAIBZkSfeY8j, ip=183.134.94.123, cache=0, is_edge=0, source_id=104[104]
[2020-11-11 03:38:54.274][trace][17564][108] src/app/srs_app_source.cpp:701: dispatch cached gop success. count=0, duration=0
[2020-11-11 03:38:54.274][trace][17564][108] src/app/srs_app_source.cpp:2375: create consumer, queue_size=5.00, jitter=2
[2020-11-11 03:38:54.274][trace][17564][108] src/app/srs_app_agora.cpp:316: SrsAgoraGateWay::on_play: conn=66808224, stream=UtSflPi4wuxgNW8eTKpqZAIBZkSfeY8j
[2020-11-11 03:38:54.283][trace][17564][108] src/app/srs_app_rtmp_conn.cpp:1302: set TCP_NODELAY 0=>1
[2020-11-11 03:38:54.283][trace][17564][108] src/app/srs_app_rtmp_conn.cpp:728: start play smi=0.00, mw_sleep=30, mw_enabled=1, realtime=1, tcp_nodelay=1
[2020-11-11 03:38:54.293][trace][17564][109] src/protocol/srs_rtmp_stack.cpp:1547: ignored. set buffer length to 3600000
[2020-11-11 03:38:56.399][trace][17564][0] src/app/srs_app_agora.cpp:877: update sps/pps. (stream=UtSflPi4wuxgNW8eTKpqZAIBZkSfeY8j)
[2020-11-11 03:38:56.400][trace][17564][104] src/app/srs_app_source.cpp:1974: 47B video sh,  codec(7, profile=High, level=3, 640x368, 0kbps, 0fps, 0s)
[2020-11-11 03:38:58.653][warn][17564][108][11] src/protocol/srs_rtmp_stack.cpp:498: resize iovs 256 => 512, max_msgs=128
[2020-11-11 03:39:03.664][trace][17564][108] src/app/srs_app_rtmp_conn.cpp:807: -> PLA time=10000, msgs=1, okbps=975,0,0, ikbps=2,0,0, mw=30
[2020-11-11 03:39:13.654][trace][17564][108] src/app/srs_app_rtmp_conn.cpp:807: -> PLA time=20000, msgs=2, okbps=1133,0,0, ikbps=1,0,0, mw=30
[2020-11-11 03:39:23.659][trace][17564][108] src/app/srs_app_rtmp_conn.cpp:807: -> PLA time=30000, msgs=2, okbps=1177,0,0, ikbps=0,0,0, mw=30
[2020-11-11 03:39:26.394][trace][20008][0] src/app/srs_app_config.cpp:1548: srs checking config...
[2020-11-11 03:39:26.394][trace][20008][0] src/app/srs_app_utility.cpp:1261: detect intranet address: 127.0.0.1, ifname=lo
[2020-11-11 03:39:26.394][trace][20008][0] src/app/srs_app_utility.cpp:1255: retrieve local ipv4 ip=10.0.0.17, index=0
[2020-11-11 03:39:26.394][trace][20008][0] src/app/srs_app_utility.cpp:1261: detect intranet address: 10.0.0.17, ifname=eth0
[2020-11-11 03:39:26.394][trace][20008][0] src/app/srs_app_utility.cpp:1255: retrieve local ipv4 ip=172.17.0.1, index=1
[2020-11-11 03:39:26.394][trace][20008][0] src/app/srs_app_utility.cpp:1261: detect intranet address: 172.17.0.1, ifname=docker0
[2020-11-11 03:39:26.394][trace][20008][0] src/app/srs_app_utility.cpp:1255: retrieve local ipv4 ip=169.254.254.254, index=2
[2020-11-11 03:39:26.394][trace][20008][0] src/app/srs_app_utility.cpp:1264: detect internet address: 169.254.254.254, ifname=netdata
[2020-11-11 03:39:26.394][trace][20008][0] src/app/srs_app_utility.cpp:1255: retrieve local ipv4 ip=169.254.1.153, index=3
[2020-11-11 03:39:26.394][trace][20008][0] src/app/srs_app_utility.cpp:1264: detect internet address: 169.254.1.153, ifname=gollum
[2020-11-11 03:39:26.394][warn][20008][0][2] src/app/srs_app_config.cpp:1718: stats network use index=0, ip=10.0.0.17
[2020-11-11 03:39:26.394][warn][20008][0][2] src/app/srs_app_config.cpp:1723: stats disk not configed, disk iops disabled.
[2020-11-11 03:39:26.394][trace][20008][0] src/app/srs_app_config.cpp:1764: write log to file /var/log/uap/miniapp_srs_7245.log
[2020-11-11 03:39:26.394][trace][20008][0] src/app/srs_app_config.cpp:1765: you can: tailf /var/log/uap/miniapp_srs_7245.log
[2020-11-11 03:39:26.394][trace][20008][0] src/app/srs_app_config.cpp:1766: @see: https://github.com/ossrs/srs/wiki/v1_CN_SrsLog
[2020-11-11 03:39:26.395][trace][20008][0] src/main/srs_main_server.cpp:295: SRS/2.0.215(ZhouGuowen), stable is SRS/1.0release
[2020-11-11 03:39:26.395][trace][20008][0] src/main/srs_main_server.cpp:296: license: The MIT License (MIT), Copyright (c) 2013-2015 SRS(ossrs)
[2020-11-11 03:39:26.395][trace][20008][0] src/main/srs_main_server.cpp:297: primary/master: SRS/1.0release
[2020-11-11 03:39:26.395][trace][20008][0] src/main/srs_main_server.cpp:298: authors: winlin,wenjie.zhao
[2020-11-11 03:39:26.395][trace][20008][0] src/main/srs_main_server.cpp:299: contributors: 
[2020-11-11 03:39:26.395][trace][20008][0] src/main/srs_main_server.cpp:300: uname: Linux 5060d782d3d9 5.4.39-linuxkit #1 SMP Fri May 8 23:03:06 UTC 2020 x86_64 x86_64 x86_64 GNU/Linux
[2020-11-11 03:39:26.395][trace][20008][0] src/main/srs_main_server.cpp:301: build: 2020-11-08 10:18:56, little-endian
[2020-11-11 03:39:26.395][trace][20008][0] src/main/srs_main_server.cpp:302: configure: --x86-x64  --without-utest --without-gperf
[2020-11-11 03:39:26.395][trace][20008][0] src/main/srs_main_server.cpp:303: features: --prefix=/usr/local/srs --with-hls --with-hds --with-dvr --without-nginx --with-ssl --without-ffmpeg --with-transcode --with-ingest --with-stat --with-http-callback --with-http-server --without-stream-caster --with-http-api --with-librtmp --without-research --without-utest --without-gperf --without-gmc --without-gmp --without-gcp --without-gprof --without-arm-ubuntu12 --without-mips-ubuntu12 --log-trace
[2020-11-11 03:39:26.395][trace][20008][0] src/main/srs_main_server.cpp:308: conf: conf/rtmp-7245.conf, limit: 1000, external shell: 
[2020-11-11 03:39:26.395][trace][20008][0] src/main/srs_main_server.cpp:210: writev limits write 1024 iovs a time
[2020-11-11 03:39:26.395][warn][20008][0][2] src/main/srs_main_server.cpp:214: SRS 2.0.215 is not stable, please use stable branch 1.0release instead
[2020-11-11 03:39:26.395][trace][20008][0] src/main/srs_main_server.cpp:233: cpu is amd64, glibc 2.19
[2020-11-11 03:39:26.395][trace][20008][0] src/main/srs_main_server.cpp:236: cpu is x86_64, glibc 2.19
[2020-11-11 03:39:26.395][trace][20008][0] src/main/srs_main_server.cpp:66: check feature rtmp handshake: on
[2020-11-11 03:39:26.395][trace][20008][0] src/main/srs_main_server.cpp:72: check feature hls: on
[2020-11-11 03:39:26.395][trace][20008][0] src/main/srs_main_server.cpp:78: check feature hds: on
[2020-11-11 03:39:26.395][trace][20008][0] src/main/srs_main_server.cpp:84: check feature http callback: on
[2020-11-11 03:39:26.395][trace][20008][0] src/main/srs_main_server.cpp:90: check feature http api: on
[2020-11-11 03:39:26.395][trace][20008][0] src/main/srs_main_server.cpp:96: check feature http server: on
[2020-11-11 03:39:26.395][trace][20008][0] src/main/srs_main_server.cpp:102: check feature http parser: on
[2020-11-11 03:39:26.395][trace][20008][0] src/main/srs_main_server.cpp:108: check feature dvr: on
[2020-11-11 03:39:26.395][trace][20008][0] src/main/srs_main_server.cpp:114: check feature transcode: on
[2020-11-11 03:39:26.395][trace][20008][0] src/main/srs_main_server.cpp:120: check feature ingest: on
[2020-11-11 03:39:26.395][trace][20008][0] src/main/srs_main_server.cpp:126: check feature system stat: on
[2020-11-11 03:39:26.395][warn][20008][0][2] src/main/srs_main_server.cpp:134: check feature compile nginx: off
[2020-11-11 03:39:26.395][warn][20008][0][2] src/main/srs_main_server.cpp:140: check feature compile ffmpeg: off
[2020-11-11 03:39:26.395][warn][20008][0][2] src/main/srs_main_server.cpp:146: stream caster: off
[2020-11-11 03:39:26.395][trace][20008][0] src/main/srs_main_server.cpp:150: MR(merged-read): on, @see https://github.com/ossrs/srs/issues/241
[2020-11-11 03:39:26.395][trace][20008][0] src/main/srs_main_server.cpp:155: MR(merged-read) default 0 sleep 350
[2020-11-11 03:39:26.395][trace][20008][0] src/main/srs_main_server.cpp:156: MW(merged-write) default sleep 350
[2020-11-11 03:39:26.395][trace][20008][0] src/main/srs_main_server.cpp:157: read chunk stream cache cid [0, 16)
[2020-11-11 03:39:26.395][trace][20008][0] src/main/srs_main_server.cpp:158: default gop cache 1, play queue 350s
[2020-11-11 03:39:26.395][trace][20008][0] src/main/srs_main_server.cpp:163: complex send algorithm enabled.
[2020-11-11 03:39:26.395][warn][20008][0][2] src/main/srs_main_server.cpp:167: TCP_NODELAY enabled, may hurts performance.
[2020-11-11 03:39:26.395][trace][20008][0] src/main/srs_main_server.cpp:175: auto guess socket send buffer by merged write
[2020-11-11 03:39:26.395][trace][20008][0] src/main/srs_main_server.cpp:183: system default latency in ms: mw(0-350) + mr(0-350) + play-queue(0-193776000)
[2020-11-11 03:39:26.395][trace][20008][0] src/app/srs_app_http_static.cpp:269: http: root mount to ./objs/nginx/html
[2020-11-11 03:39:26.395][trace][20008][0] src/app/srs_app_http_conn.cpp:1369: Init shell: 
[2020-11-11 03:39:26.395][trace][20008][0] src/app/srs_app_st.cpp:222: st_set_eventsys to epoll
[2020-11-11 03:39:26.395][trace][20008][0] src/app/srs_app_st.cpp:229: st_init success, use epoll
[2020-11-11 03:39:26.395][trace][20008][100] src/app/srs_app_server.cpp:645: server main cid=100
[2020-11-11 03:39:26.395][trace][20008][100] src/app/srs_app_server.cpp:730: write pid=20008 to /var/run/srs-7245.pid success!
[2020-11-11 03:39:26.405][trace][20008][100] src/app/srs_app_server.cpp:165: RTMP listen at tcp://0.0.0.0:7245, fd=9
[2020-11-11 03:39:26.405][trace][20008][100] src/app/srs_app_server.cpp:443: signal installed
[2020-11-11 03:39:26.416][trace][20008][100] src/app/srs_app_server.cpp:838: http: api mount /console to ./objs/nginx/html/console
[2020-11-11 03:39:26.426][trace][20008][100] src/app/srs_app_ingest.cpp:139: ingest thread cid=103, current_cid=100
[2020-11-11 03:41:12.011][trace][20008][0] src/app/srs_app_agora.cpp:1094: I(1409) join channel(6011606d62640ccf1afb760cfdefa9f7) success.
[2020-11-11 03:41:12.791][trace][20008][0] src/app/srs_app_agora.cpp:732: user(10115) joined.
[2020-11-11 03:41:12.791][trace][20008][0] src/app/srs_app_agora.cpp:877: update sps/pps. (stream=S86Ob3zvob3M0nNdIDvT7zk5PNPcfxWy)
[2020-11-11 03:41:12.815][trace][20008][104] src/app/srs_app_agora.cpp:1050: SrsAgoraGateWay:cycle on_publish: stream=S86Ob3zvob3M0nNdIDvT7zk5PNPcfxWy.
[2020-11-11 03:41:12.875][trace][20008][104] src/app/srs_app_source.cpp:1974: 46B video sh,  codec(7, profile=Baseline, level=5, 720x1088, 0kbps, 0fps, 0s)
[2020-11-11 03:41:12.875][trace][20008][104] src/app/srs_app_source.cpp:1730: 4B audio sh, codec(10, profile=LC, 1channels, 0kbps, 48000HZ), flv(16bits, 2channels, 44100HZ)
[2020-11-11 03:41:15.323][warn][20008][104][4] src/app/srs_app_source.cpp:654: clear gop cache for guess pure audio overflow
[2020-11-11 03:41:15.846][trace][20008][101] src/app/srs_app_server.cpp:179: accept client, type: 0
[2020-11-11 03:41:15.856][trace][20008][108] src/app/srs_app_rtmp_conn.cpp:138: RTMP client ip=172.58.235.107
[2020-11-11 03:41:15.867][trace][20008][108] src/protocol/srs_rtmp_utility.cpp:113: srand initialized the random.
[2020-11-11 03:41:16.182][trace][20008][108] src/protocol/srs_rtmp_handshake.cpp:1131: simple handshake success.
[2020-11-11 03:41:16.182][trace][20008][108] src/app/srs_app_rtmp_conn.cpp:186: connect app, tcUrl=rtmp://120.131.14.112:7245/live, pageUrl=, swfUrl=, schema=rtmp, vhost=__defaultVhost__, port=7245, app=live, args=null
[2020-11-11 03:41:16.182][trace][20008][108] src/protocol/srs_rtmp_stack.cpp:1579: out chunk size to 256
[2020-11-11 03:41:16.397][trace][20008][0] src/app/srs_app_agora.cpp:877: update sps/pps. (stream=S86Ob3zvob3M0nNdIDvT7zk5PNPcfxWy)
[2020-11-11 03:41:16.402][trace][20008][104] src/app/srs_app_source.cpp:1974: 46B video sh,  codec(7, profile=Baseline, level=5, 720x1088, 0kbps, 0fps, 0s)
[2020-11-11 03:41:16.765][trace][20008][108] src/app/srs_app_rtmp_conn.cpp:495: client identified, type=fmle-publish, stream_name=VbV4l4tygTi08Uw1Cpy5XEPigWBle3nN, duration=-1.00
[2020-11-11 03:41:16.785][trace][20008][108] src/app/srs_app_rtmp_conn.cpp:561: source url=local/live/VbV4l4tygTi08Uw1Cpy5XEPigWBle3nN, ip=172.58.235.107, cache=0, is_edge=0, source_id=-1[-1]
[2020-11-11 03:41:17.300][trace][20008][0] src/app/srs_app_agora.cpp:877: update sps/pps. (stream=S86Ob3zvob3M0nNdIDvT7zk5PNPcfxWy)
[2020-11-11 03:41:17.308][trace][20008][104] src/app/srs_app_source.cpp:1974: 46B video sh,  codec(7, profile=Baseline, level=5, 720x1088, 0kbps, 0fps, 0s)
[2020-11-11 03:41:17.372][trace][20008][108] src/app/srs_app_agora.cpp:299: SrsAgoraGateWay::on_publish stream=VbV4l4tygTi08Uw1Cpy5XEPigWBle3nN
[2020-11-11 03:41:17.372][trace][20008][111] src/app/srs_app_recv_thread.cpp:542: SrsPublishRecvThread: set TCP_NODELAY 0=>1
[2020-11-11 03:41:17.382][trace][20008][108] src/app/srs_app_rtmp_conn.cpp:1302: set TCP_NODELAY 1=>1
[2020-11-11 03:41:17.382][trace][20008][108] src/app/srs_app_rtmp_conn.cpp:950: start publish mr=0/350, p1stpt=20000, pnt=20000, tcp_nodelay=1, rtcid=111
[2020-11-11 03:41:17.725][trace][20008][111] src/protocol/srs_rtmp_stack.cpp:1538: input chunk size to 256
[2020-11-11 03:41:18.946][trace][20008][0] src/app/srs_app_agora.cpp:877: update sps/pps. (stream=S86Ob3zvob3M0nNdIDvT7zk5PNPcfxWy)
[2020-11-11 03:41:18.951][trace][20008][104] src/app/srs_app_source.cpp:1974: 46B video sh,  codec(7, profile=Baseline, level=5, 720x1088, 0kbps, 0fps, 0s)
[2020-11-11 03:41:19.102][trace][20008][108] src/app/srs_app_source.cpp:1974: 35B video sh,  codec(7, profile=High, level=3, 480x640, 0kbps, 0fps, 0s)
[2020-11-11 03:41:22.330][trace][20008][0] src/app/srs_app_agora.cpp:877: update sps/pps. (stream=S86Ob3zvob3M0nNdIDvT7zk5PNPcfxWy)
[2020-11-11 03:41:22.335][trace][20008][104] src/app/srs_app_source.cpp:1974: 46B video sh,  codec(7, profile=Baseline, level=5, 720x1088, 0kbps, 0fps, 0s)
[2020-11-11 03:41:22.343][trace][20008][108] src/app/srs_app_source.cpp:1730: 4B audio sh, codec(10, profile=LC, 1channels, 0kbps, 48000HZ), flv(16bits, 2channels, 44100HZ)
[2020-11-11 03:41:23.723][trace][20008][101] src/app/srs_app_server.cpp:179: accept client, type: 0
[2020-11-11 03:41:23.723][trace][20008][113] src/app/srs_app_rtmp_conn.cpp:138: RTMP client ip=172.58.235.107
[2020-11-11 03:41:24.037][trace][20008][113] src/protocol/srs_rtmp_handshake.cpp:1131: simple handshake success.
[2020-11-11 03:41:24.038][trace][20008][113] src/app/srs_app_rtmp_conn.cpp:186: connect app, tcUrl=rtmp://120.131.14.112:7245/live, pageUrl=, swfUrl=, schema=rtmp, vhost=__defaultVhost__, port=7245, app=live, args=null
[2020-11-11 03:41:24.038][trace][20008][113] src/protocol/srs_rtmp_stack.cpp:1579: out chunk size to 256
[2020-11-11 03:41:24.275][trace][20008][0] src/app/srs_app_agora.cpp:877: update sps/pps. (stream=S86Ob3zvob3M0nNdIDvT7zk5PNPcfxWy)
[2020-11-11 03:41:24.280][trace][20008][104] src/app/srs_app_source.cpp:1974: 46B video sh,  codec(7, profile=Baseline, level=5, 720x1088, 0kbps, 0fps, 0s)
[2020-11-11 03:41:24.593][trace][20008][113] src/protocol/srs_rtmp_stack.cpp:1508: set ack window size to 2500000
[2020-11-11 03:41:24.593][trace][20008][113] src/protocol/srs_rtmp_stack.cpp:1547: ignored. set buffer length to 300
[2020-11-11 03:41:24.594][trace][20008][113] src/protocol/srs_rtmp_stack.cpp:3224: ignore AMF0/AMF3 command message.
[2020-11-11 03:41:24.594][trace][20008][113] src/protocol/srs_rtmp_stack.cpp:3224: ignore AMF0/AMF3 command message.
[2020-11-11 03:41:24.825][trace][20008][108] src/app/srs_app_source.cpp:1974: 34B video sh,  codec(7, profile=High, level=1.2, 240x320, 0kbps, 0fps, 0s)
[2020-11-11 03:41:24.903][trace][20008][113] src/app/srs_app_rtmp_conn.cpp:495: client identified, type=Play, stream_name=S86Ob3zvob3M0nNdIDvT7zk5PNPcfxWy, duration=-1.00
[2020-11-11 03:41:24.904][trace][20008][113] src/app/srs_app_rtmp_conn.cpp:561: source url=/live/S86Ob3zvob3M0nNdIDvT7zk5PNPcfxWy, ip=172.58.235.107, cache=0, is_edge=0, source_id=104[104]
[2020-11-11 03:41:24.904][trace][20008][113] src/app/srs_app_source.cpp:701: dispatch cached gop success. count=0, duration=0
[2020-11-11 03:41:24.904][trace][20008][113] src/app/srs_app_source.cpp:2375: create consumer, queue_size=5.00, jitter=2
[2020-11-11 03:41:24.904][trace][20008][113] src/app/srs_app_agora.cpp:316: SrsAgoraGateWay::on_play: conn=49248704, stream=S86Ob3zvob3M0nNdIDvT7zk5PNPcfxWy
[2020-11-11 03:41:24.913][trace][20008][113] src/app/srs_app_rtmp_conn.cpp:1302: set TCP_NODELAY 0=>1
[2020-11-11 03:41:24.913][trace][20008][113] src/app/srs_app_rtmp_conn.cpp:728: start play smi=0.00, mw_sleep=30, mw_enabled=1, realtime=1, tcp_nodelay=1
[2020-11-11 03:41:24.914][trace][20008][114] src/protocol/srs_rtmp_stack.cpp:1547: ignored. set buffer length to 3600000
[2020-11-11 03:41:26.243][trace][20008][0] src/app/srs_app_agora.cpp:877: update sps/pps. (stream=S86Ob3zvob3M0nNdIDvT7zk5PNPcfxWy)
[2020-11-11 03:41:26.245][trace][20008][104] src/app/srs_app_source.cpp:1974: 46B video sh,  codec(7, profile=Baseline, level=5, 720x1088, 0kbps, 0fps, 0s)
[2020-11-11 03:41:27.667][trace][20008][0] src/app/srs_app_agora.cpp:877: update sps/pps. (stream=S86Ob3zvob3M0nNdIDvT7zk5PNPcfxWy)
[2020-11-11 03:41:27.676][trace][20008][104] src/app/srs_app_source.cpp:1974: 46B video sh,  codec(7, profile=Baseline, level=5, 720x1088, 0kbps, 0fps, 0s)
[2020-11-11 03:41:29.201][trace][20008][0] src/app/srs_app_agora.cpp:877: update sps/pps. (stream=S86Ob3zvob3M0nNdIDvT7zk5PNPcfxWy)
[2020-11-11 03:41:29.209][trace][20008][104] src/app/srs_app_source.cpp:1974: 46B video sh,  codec(7, profile=Baseline, level=5, 720x1088, 0kbps, 0fps, 0s)
[2020-11-11 03:41:31.311][trace][20008][0] src/app/srs_app_agora.cpp:877: update sps/pps. (stream=S86Ob3zvob3M0nNdIDvT7zk5PNPcfxWy)
[2020-11-11 03:41:31.317][trace][20008][104] src/app/srs_app_source.cpp:1974: 46B video sh,  codec(7, profile=Baseline, level=5, 720x1088, 0kbps, 0fps, 0s)
[2020-11-11 03:41:32.625][trace][20008][0] src/app/srs_app_agora.cpp:877: update sps/pps. (stream=S86Ob3zvob3M0nNdIDvT7zk5PNPcfxWy)
[2020-11-11 03:41:32.629][trace][20008][104] src/app/srs_app_source.cpp:1974: 46B video sh,  codec(7, profile=Baseline, level=5, 720x1088, 0kbps, 0fps, 0s)
[2020-11-11 03:41:34.485][trace][20008][113] src/app/srs_app_rtmp_conn.cpp:807: -> PLA time=10000, msgs=1, okbps=476,0,0, ikbps=2,0,0, mw=30
[2020-11-11 03:41:35.807][trace][20008][0] src/app/srs_app_agora.cpp:877: update sps/pps. (stream=S86Ob3zvob3M0nNdIDvT7zk5PNPcfxWy)
[2020-11-11 03:41:35.817][trace][20008][104] src/app/srs_app_source.cpp:1974: 46B video sh,  codec(7, profile=Baseline, level=5, 720x1088, 0kbps, 0fps, 0s)
[2020-11-11 03:41:37.372][trace][20008][0] src/app/srs_app_agora.cpp:877: update sps/pps. (stream=S86Ob3zvob3M0nNdIDvT7zk5PNPcfxWy)
[2020-11-11 03:41:37.378][trace][20008][104] src/app/srs_app_source.cpp:1974: 46B video sh,  codec(7, profile=Baseline, level=5, 720x1088, 0kbps, 0fps, 0s)
[2020-11-11 03:41:39.488][trace][20008][0] src/app/srs_app_agora.cpp:877: update sps/pps. (stream=S86Ob3zvob3M0nNdIDvT7zk5PNPcfxWy)
[2020-11-11 03:41:39.496][trace][20008][104] src/app/srs_app_source.cpp:1974: 46B video sh,  codec(7, profile=Baseline, level=5, 720x1088, 0kbps, 0fps, 0s)
[2020-11-11 03:41:43.240][trace][20008][0] src/app/srs_app_agora.cpp:877: update sps/pps. (stream=S86Ob3zvob3M0nNdIDvT7zk5PNPcfxWy)
[2020-11-11 03:41:43.248][trace][20008][104] src/app/srs_app_source.cpp:1974: 46B video sh,  codec(7, profile=Baseline, level=5, 720x1088, 0kbps, 0fps, 0s)
[2020-11-11 03:41:44.468][trace][20008][113] src/app/srs_app_rtmp_conn.cpp:807: -> PLA time=20000, msgs=1, okbps=524,0,0, ikbps=1,0,0, mw=30
[2020-11-11 03:41:45.227][trace][20008][0] src/app/srs_app_agora.cpp:877: update sps/pps. (stream=S86Ob3zvob3M0nNdIDvT7zk5PNPcfxWy)
[2020-11-11 03:41:45.234][trace][20008][104] src/app/srs_app_source.cpp:1974: 46B video sh,  codec(7, profile=Baseline, level=5, 720x1088, 0kbps, 0fps, 0s)
[2020-11-11 03:41:47.013][trace][20008][0] src/app/srs_app_agora.cpp:877: update sps/pps. (stream=S86Ob3zvob3M0nNdIDvT7zk5PNPcfxWy)
[2020-11-11 03:41:47.019][trace][20008][104] src/app/srs_app_source.cpp:1974: 46B video sh,  codec(7, profile=Baseline, level=5, 720x1088, 0kbps, 0fps, 0s)
[2020-11-11 03:41:48.397][trace][20008][0] src/app/srs_app_agora.cpp:877: update sps/pps. (stream=S86Ob3zvob3M0nNdIDvT7zk5PNPcfxWy)
[2020-11-11 03:41:48.404][trace][20008][104] src/app/srs_app_source.cpp:1974: 46B video sh,  codec(7, profile=Baseline, level=5, 720x1088, 0kbps, 0fps, 0s)
[2020-11-11 03:41:50.344][trace][20008][0] src/app/srs_app_agora.cpp:877: update sps/pps. (stream=S86Ob3zvob3M0nNdIDvT7zk5PNPcfxWy)
[2020-11-11 03:41:50.353][trace][20008][104] src/app/srs_app_source.cpp:1974: 46B video sh,  codec(7, profile=Baseline, level=5, 720x1088, 0kbps, 0fps, 0s)
[2020-11-11 03:41:52.050][trace][20008][0] src/app/srs_app_agora.cpp:877: update sps/pps. (stream=S86Ob3zvob3M0nNdIDvT7zk5PNPcfxWy)
[2020-11-11 03:41:52.058][trace][20008][104] src/app/srs_app_source.cpp:1974: 46B video sh,  codec(7, profile=Baseline, level=5, 720x1088, 0kbps, 0fps, 0s)
[2020-11-11 03:41:54.473][trace][20008][113] src/app/srs_app_rtmp_conn.cpp:807: -> PLA time=30000, msgs=1, okbps=585,584,0, ikbps=0,0,0, mw=30
[2020-11-11 03:41:55.903][trace][20008][0] src/app/srs_app_agora.cpp:877: update sps/pps. (stream=S86Ob3zvob3M0nNdIDvT7zk5PNPcfxWy)
[2020-11-11 03:41:55.911][trace][20008][104] src/app/srs_app_source.cpp:1974: 46B video sh,  codec(7, profile=Baseline, level=5, 720x1088, 0kbps, 0fps, 0s)
[2020-11-11 03:41:57.382][trace][20008][108] src/app/srs_app_rtmp_conn.cpp:1000: <- CPB time=20000, okbps=0,0,0, ikbps=163,140,0, mr=0/350, p1stpt=20000, pnt=20000
[2020-11-11 03:41:57.830][trace][20008][0] src/app/srs_app_agora.cpp:877: update sps/pps. (stream=S86Ob3zvob3M0nNdIDvT7zk5PNPcfxWy)
[2020-11-11 03:41:57.837][trace][20008][104] src/app/srs_app_source.cpp:1974: 46B video sh,  codec(7, profile=Baseline, level=5, 720x1088, 0kbps, 0fps, 0s)
[2020-11-11 03:42:00.010][trace][20008][0] src/app/srs_app_agora.cpp:877: update sps/pps. (stream=S86Ob3zvob3M0nNdIDvT7zk5PNPcfxWy)
[2020-11-11 03:42:00.016][trace][20008][104] src/app/srs_app_source.cpp:1974: 46B video sh,  codec(7, profile=Baseline, level=5, 720x1088, 0kbps, 0fps, 0s)
[2020-11-11 03:42:04.475][trace][20008][113] src/app/srs_app_rtmp_conn.cpp:807: -> PLA time=40000, msgs=1, okbps=556,584,0, ikbps=0,0,0, mw=30
[2020-11-11 03:42:05.891][trace][20008][0] src/app/srs_app_agora.cpp:877: update sps/pps. (stream=S86Ob3zvob3M0nNdIDvT7zk5PNPcfxWy)
[2020-11-11 03:42:05.897][trace][20008][104] src/app/srs_app_source.cpp:1974: 46B video sh,  codec(7, profile=Baseline, level=5, 720x1088, 0kbps, 0fps, 0s)
[2020-11-11 03:42:07.997][trace][20008][0] src/app/srs_app_agora.cpp:877: update sps/pps. (stream=S86Ob3zvob3M0nNdIDvT7zk5PNPcfxWy)
[2020-11-11 03:42:08.005][trace][20008][104] src/app/srs_app_source.cpp:1974: 46B video sh,  codec(7, profile=Baseline, level=5, 720x1088, 0kbps, 0fps, 0s)
[2020-11-11 03:42:12.150][trace][20008][0] src/app/srs_app_agora.cpp:877: update sps/pps. (stream=S86Ob3zvob3M0nNdIDvT7zk5PNPcfxWy)
[2020-11-11 03:42:12.151][trace][20008][104] src/app/srs_app_source.cpp:1974: 46B video sh,  codec(7, profile=Baseline, level=5, 720x1088, 0kbps, 0fps, 0s)
[2020-11-11 03:42:14.246][trace][20008][0] src/app/srs_app_agora.cpp:877: update sps/pps. (stream=S86Ob3zvob3M0nNdIDvT7zk5PNPcfxWy)
[2020-11-11 03:42:14.250][trace][20008][104] src/app/srs_app_source.cpp:1974: 46B video sh,  codec(7, profile=Baseline, level=5, 720x1088, 0kbps, 0fps, 0s)
[2020-11-11 03:42:14.472][trace][20008][113] src/app/srs_app_rtmp_conn.cpp:807: -> PLA time=50000, msgs=1, okbps=484,584,0, ikbps=0,0,0, mw=30
[2020-11-11 03:42:17.382][trace][20008][108] src/app/srs_app_rtmp_conn.cpp:1000: <- CPB time=40000, okbps=0,0,0, ikbps=169,140,0, mr=0/350, p1stpt=20000, pnt=20000
[2020-11-11 03:42:20.223][trace][20008][0] src/app/srs_app_agora.cpp:877: update sps/pps. (stream=S86Ob3zvob3M0nNdIDvT7zk5PNPcfxWy)
[2020-11-11 03:42:20.225][trace][20008][104] src/app/srs_app_source.cpp:1974: 46B video sh,  codec(7, profile=Baseline, level=5, 720x1088, 0kbps, 0fps, 0s)
[2020-11-11 03:42:22.129][trace][20008][0] src/app/srs_app_agora.cpp:877: update sps/pps. (stream=S86Ob3zvob3M0nNdIDvT7zk5PNPcfxWy)
[2020-11-11 03:42:22.137][trace][20008][104] src/app/srs_app_source.cpp:1974: 46B video sh,  codec(7, profile=Baseline, level=5, 720x1088, 0kbps, 0fps, 0s)
[2020-11-11 03:42:24.467][trace][20008][113] src/app/srs_app_rtmp_conn.cpp:807: -> PLA time=60000, msgs=1, okbps=447,584,0, ikbps=0,0,0, mw=30
[2020-11-11 03:42:25.952][trace][20008][0] src/app/srs_app_agora.cpp:877: update sps/pps. (stream=S86Ob3zvob3M0nNdIDvT7zk5PNPcfxWy)
[2020-11-11 03:42:25.959][trace][20008][104] src/app/srs_app_source.cpp:1974: 46B video sh,  codec(7, profile=Baseline, level=5, 720x1088, 0kbps, 0fps, 0s)
[2020-11-11 03:42:28.032][trace][20008][0] src/app/srs_app_agora.cpp:877: update sps/pps. (stream=S86Ob3zvob3M0nNdIDvT7zk5PNPcfxWy)
[2020-11-11 03:42:28.034][trace][20008][104] src/app/srs_app_source.cpp:1974: 46B video sh,  codec(7, profile=Baseline, level=5, 720x1088, 0kbps, 0fps, 0s)
[2020-11-11 03:42:29.861][trace][20008][0] src/app/srs_app_agora.cpp:877: update sps/pps. (stream=S86Ob3zvob3M0nNdIDvT7zk5PNPcfxWy)
[2020-11-11 03:42:29.866][trace][20008][104] src/app/srs_app_source.cpp:1974: 46B video sh,  codec(7, profile=Baseline, level=5, 720x1088, 0kbps, 0fps, 0s)
[2020-11-11 03:42:31.680][trace][20008][0] src/app/srs_app_agora.cpp:877: update sps/pps. (stream=S86Ob3zvob3M0nNdIDvT7zk5PNPcfxWy)
[2020-11-11 03:42:31.681][trace][20008][104] src/app/srs_app_source.cpp:1974: 46B video sh,  codec(7, profile=Baseline, level=5, 720x1088, 0kbps, 0fps, 0s)
[2020-11-11 03:42:33.970][trace][20008][0] src/app/srs_app_agora.cpp:877: update sps/pps. (stream=S86Ob3zvob3M0nNdIDvT7zk5PNPcfxWy)
[2020-11-11 03:42:33.972][trace][20008][104] src/app/srs_app_source.cpp:1974: 46B video sh,  codec(7, profile=Baseline, level=5, 720x1088, 0kbps, 0fps, 0s)
[2020-11-11 03:42:34.477][trace][20008][113] src/app/srs_app_rtmp_conn.cpp:807: -> PLA time=70000, msgs=1, okbps=422,301,0, ikbps=0,0,0, mw=30
[2020-11-11 03:42:37.382][trace][20008][108] src/app/srs_app_rtmp_conn.cpp:1000: <- CPB time=60000, okbps=0,0,0, ikbps=158,192,0, mr=0/350, p1stpt=20000, pnt=20000
[2020-11-11 03:42:38.120][trace][20008][0] src/app/srs_app_agora.cpp:877: update sps/pps. (stream=S86Ob3zvob3M0nNdIDvT7zk5PNPcfxWy)
[2020-11-11 03:42:38.125][trace][20008][104] src/app/srs_app_source.cpp:1974: 46B video sh,  codec(7, profile=Baseline, level=5, 720x1088, 0kbps, 0fps, 0s)
[2020-11-11 03:42:39.780][trace][20008][0] src/app/srs_app_agora.cpp:877: update sps/pps. (stream=S86Ob3zvob3M0nNdIDvT7zk5PNPcfxWy)
[2020-11-11 03:42:39.790][trace][20008][104] src/app/srs_app_source.cpp:1974: 46B video sh,  codec(7, profile=Baseline, level=5, 720x1088, 0kbps, 0fps, 0s)
[2020-11-11 03:42:44.476][trace][20008][113] src/app/srs_app_rtmp_conn.cpp:807: -> PLA time=80000, msgs=1, okbps=397,301,0, ikbps=0,0,0, mw=30
[2020-11-11 03:42:54.009][trace][20008][0] src/app/srs_app_agora.cpp:877: update sps/pps. (stream=S86Ob3zvob3M0nNdIDvT7zk5PNPcfxWy)
[2020-11-11 03:42:54.018][trace][20008][104] src/app/srs_app_source.cpp:1974: 46B video sh,  codec(7, profile=Baseline, level=5, 720x1088, 0kbps, 0fps, 0s)
[2020-11-11 03:42:54.462][trace][20008][113] src/app/srs_app_rtmp_conn.cpp:807: -> PLA time=90000, msgs=1, okbps=377,301,0, ikbps=0,0,0, mw=30
[2020-11-11 03:42:57.382][trace][20008][108] src/app/srs_app_rtmp_conn.cpp:1000: <- CPB time=80000, okbps=0,0,0, ikbps=156,133,0, mr=0/350, p1stpt=20000, pnt=20000
[2020-11-11 03:42:59.895][trace][20008][0] src/app/srs_app_agora.cpp:877: update sps/pps. (stream=S86Ob3zvob3M0nNdIDvT7zk5PNPcfxWy)
[2020-11-11 03:42:59.897][trace][20008][104] src/app/srs_app_source.cpp:1974: 46B video sh,  codec(7, profile=Baseline, level=5, 720x1088, 0kbps, 0fps, 0s)
[2020-11-11 03:43:04.462][trace][20008][113] src/app/srs_app_rtmp_conn.cpp:807: -> PLA time=100000, msgs=1, okbps=365,236,0, ikbps=0,0,0, mw=30
[2020-11-11 03:43:05.821][trace][20008][0] src/app/srs_app_agora.cpp:877: update sps/pps. (stream=S86Ob3zvob3M0nNdIDvT7zk5PNPcfxWy)
[2020-11-11 03:43:05.823][trace][20008][104] src/app/srs_app_source.cpp:1974: 46B video sh,  codec(7, profile=Baseline, level=5, 720x1088, 0kbps, 0fps, 0s)
[2020-11-11 03:43:14.421][trace][20008][0] src/app/srs_app_agora.cpp:877: update sps/pps. (stream=S86Ob3zvob3M0nNdIDvT7zk5PNPcfxWy)
[2020-11-11 03:43:14.421][trace][20008][104] src/app/srs_app_source.cpp:1974: 46B video sh,  codec(7, profile=Baseline, level=5, 720x1088, 0kbps, 0fps, 0s)
[2020-11-11 03:43:14.482][trace][20008][113] src/app/srs_app_rtmp_conn.cpp:807: -> PLA time=110000, msgs=2, okbps=355,236,0, ikbps=0,0,0, mw=30
[2020-11-11 03:43:16.492][trace][20008][0] src/app/srs_app_agora.cpp:877: update sps/pps. (stream=S86Ob3zvob3M0nNdIDvT7zk5PNPcfxWy)
[2020-11-11 03:43:16.502][trace][20008][104] src/app/srs_app_source.cpp:1974: 46B video sh,  codec(7, profile=Baseline, level=5, 720x1088, 0kbps, 0fps, 0s)
[2020-11-11 03:43:17.382][trace][20008][108] src/app/srs_app_rtmp_conn.cpp:1000: <- CPB time=100000, okbps=0,0,0, ikbps=161,133,0, mr=0/350, p1stpt=20000, pnt=20000
[2020-11-11 03:43:18.461][trace][20008][0] src/app/srs_app_agora.cpp:877: update sps/pps. (stream=S86Ob3zvob3M0nNdIDvT7zk5PNPcfxWy)
[2020-11-11 03:43:18.469][trace][20008][104] src/app/srs_app_source.cpp:1974: 46B video sh,  codec(7, profile=Baseline, level=5, 720x1088, 0kbps, 0fps, 0s)
[2020-11-11 03:43:20.441][trace][20008][0] src/app/srs_app_agora.cpp:877: update sps/pps. (stream=S86Ob3zvob3M0nNdIDvT7zk5PNPcfxWy)
[2020-11-11 03:43:20.445][trace][20008][104] src/app/srs_app_source.cpp:1974: 46B video sh,  codec(7, profile=Baseline, level=5, 720x1088, 0kbps, 0fps, 0s)
[2020-11-11 03:43:22.393][trace][20008][0] src/app/srs_app_agora.cpp:877: update sps/pps. (stream=S86Ob3zvob3M0nNdIDvT7zk5PNPcfxWy)
[2020-11-11 03:43:22.401][trace][20008][104] src/app/srs_app_source.cpp:1974: 46B video sh,  codec(7, profile=Baseline, level=5, 720x1088, 0kbps, 0fps, 0s)
[2020-11-11 03:43:24.449][trace][20008][0] src/app/srs_app_agora.cpp:877: update sps/pps. (stream=S86Ob3zvob3M0nNdIDvT7zk5PNPcfxWy)
[2020-11-11 03:43:24.459][trace][20008][104] src/app/srs_app_source.cpp:1974: 46B video sh,  codec(7, profile=Baseline, level=5, 720x1088, 0kbps, 0fps, 0s)
[2020-11-11 03:43:24.459][trace][20008][113] src/app/srs_app_rtmp_conn.cpp:807: -> PLA time=120000, msgs=2, okbps=348,236,0, ikbps=0,0,0, mw=30
[2020-11-11 03:43:26.570][trace][20008][0] src/app/srs_app_agora.cpp:877: update sps/pps. (stream=S86Ob3zvob3M0nNdIDvT7zk5PNPcfxWy)
[2020-11-11 03:43:26.575][trace][20008][104] src/app/srs_app_source.cpp:1974: 46B video sh,  codec(7, profile=Baseline, level=5, 720x1088, 0kbps, 0fps, 0s)
[2020-11-11 03:43:28.620][trace][20008][0] src/app/srs_app_agora.cpp:877: update sps/pps. (stream=S86Ob3zvob3M0nNdIDvT7zk5PNPcfxWy)
[2020-11-11 03:43:28.625][trace][20008][104] src/app/srs_app_source.cpp:1974: 46B video sh,  codec(7, profile=Baseline, level=5, 720x1088, 0kbps, 0fps, 0s)
[2020-11-11 03:43:30.460][trace][20008][0] src/app/srs_app_agora.cpp:877: update sps/pps. (stream=S86Ob3zvob3M0nNdIDvT7zk5PNPcfxWy)
[2020-11-11 03:43:30.468][trace][20008][104] src/app/srs_app_source.cpp:1974: 46B video sh,  codec(7, profile=Baseline, level=5, 720x1088, 0kbps, 0fps, 0s)
[2020-11-11 03:43:32.421][trace][20008][0] src/app/srs_app_agora.cpp:877: update sps/pps. (stream=S86Ob3zvob3M0nNdIDvT7zk5PNPcfxWy)
[2020-11-11 03:43:32.427][trace][20008][104] src/app/srs_app_source.cpp:1974: 46B video sh,  codec(7, profile=Baseline, level=5, 720x1088, 0kbps, 0fps, 0s)
[2020-11-11 03:43:34.484][trace][20008][113] src/app/srs_app_rtmp_conn.cpp:807: -> PLA time=130001, msgs=1, okbps=340,259,0, ikbps=0,0,0, mw=30
[2020-11-11 03:43:34.511][trace][20008][0] src/app/srs_app_agora.cpp:877: update sps/pps. (stream=S86Ob3zvob3M0nNdIDvT7zk5PNPcfxWy)
[2020-11-11 03:43:34.514][trace][20008][104] src/app/srs_app_source.cpp:1974: 46B video sh,  codec(7, profile=Baseline, level=5, 720x1088, 0kbps, 0fps, 0s)
[2020-11-11 03:43:36.441][trace][20008][0] src/app/srs_app_agora.cpp:877: update sps/pps. (stream=S86Ob3zvob3M0nNdIDvT7zk5PNPcfxWy)
[2020-11-11 03:43:36.441][trace][20008][104] src/app/srs_app_source.cpp:1974: 46B video sh,  codec(7, profile=Baseline, level=5, 720x1088, 0kbps, 0fps, 0s)
[2020-11-11 03:43:37.382][trace][20008][108] src/app/srs_app_rtmp_conn.cpp:1000: <- CPB time=120000, okbps=0,0,0, ikbps=154,163,0, mr=0/350, p1stpt=20000, pnt=20000
[2020-11-11 03:43:38.431][trace][20008][0] src/app/srs_app_agora.cpp:877: update sps/pps. (stream=S86Ob3zvob3M0nNdIDvT7zk5PNPcfxWy)
[2020-11-11 03:43:38.438][trace][20008][104] src/app/srs_app_source.cpp:1974: 46B video sh,  codec(7, profile=Baseline, level=5, 720x1088, 0kbps, 0fps, 0s)
[2020-11-11 03:43:40.457][trace][20008][0] src/app/srs_app_agora.cpp:877: update sps/pps. (stream=S86Ob3zvob3M0nNdIDvT7zk5PNPcfxWy)
[2020-11-11 03:43:40.468][trace][20008][104] src/app/srs_app_source.cpp:1974: 46B video sh,  codec(7, profile=Baseline, level=5, 720x1088, 0kbps, 0fps, 0s)
[2020-11-11 03:43:42.571][trace][20008][0] src/app/srs_app_agora.cpp:877: update sps/pps. (stream=S86Ob3zvob3M0nNdIDvT7zk5PNPcfxWy)
[2020-11-11 03:43:42.575][trace][20008][104] src/app/srs_app_source.cpp:1974: 46B video sh,  codec(7, profile=Baseline, level=5, 720x1088, 0kbps, 0fps, 0s)
[2020-11-11 03:43:44.471][trace][20008][113] src/app/srs_app_rtmp_conn.cpp:807: -> PLA time=140001, msgs=1, okbps=335,259,0, ikbps=0,0,0, mw=30
[2020-11-11 03:43:44.476][trace][20008][0] src/app/srs_app_agora.cpp:877: update sps/pps. (stream=S86Ob3zvob3M0nNdIDvT7zk5PNPcfxWy)
[2020-11-11 03:43:44.481][trace][20008][104] src/app/srs_app_source.cpp:1974: 46B video sh,  codec(7, profile=Baseline, level=5, 720x1088, 0kbps, 0fps, 0s)
[2020-11-11 03:43:46.463][trace][20008][0] src/app/srs_app_agora.cpp:877: update sps/pps. (stream=S86Ob3zvob3M0nNdIDvT7zk5PNPcfxWy)
[2020-11-11 03:43:46.468][trace][20008][104] src/app/srs_app_source.cpp:1974: 46B video sh,  codec(7, profile=Baseline, level=5, 720x1088, 0kbps, 0fps, 0s)
[2020-11-11 03:43:48.419][trace][20008][0] src/app/srs_app_agora.cpp:877: update sps/pps. (stream=S86Ob3zvob3M0nNdIDvT7zk5PNPcfxWy)
[2020-11-11 03:43:48.424][trace][20008][104] src/app/srs_app_source.cpp:1974: 46B video sh,  codec(7, profile=Baseline, level=5, 720x1088, 0kbps, 0fps, 0s)
[2020-11-11 03:43:50.480][trace][20008][0] src/app/srs_app_agora.cpp:877: update sps/pps. (stream=S86Ob3zvob3M0nNdIDvT7zk5PNPcfxWy)
[2020-11-11 03:43:50.490][trace][20008][104] src/app/srs_app_source.cpp:1974: 46B video sh,  codec(7, profile=Baseline, level=5, 720x1088, 0kbps, 0fps, 0s)
[2020-11-11 03:43:54.442][trace][20008][0] src/app/srs_app_agora.cpp:877: update sps/pps. (stream=S86Ob3zvob3M0nNdIDvT7zk5PNPcfxWy)
[2020-11-11 03:43:54.444][trace][20008][104] src/app/srs_app_source.cpp:1974: 46B video sh,  codec(7, profile=Baseline, level=5, 720x1088, 0kbps, 0fps, 0s)
[2020-11-11 03:43:54.475][trace][20008][113] src/app/srs_app_rtmp_conn.cpp:807: -> PLA time=150001, msgs=1, okbps=330,259,0, ikbps=0,0,0, mw=30
[2020-11-11 03:43:56.408][trace][20008][0] src/app/srs_app_agora.cpp:877: update sps/pps. (stream=S86Ob3zvob3M0nNdIDvT7zk5PNPcfxWy)
[2020-11-11 03:43:56.411][trace][20008][104] src/app/srs_app_source.cpp:1974: 46B video sh,  codec(7, profile=Baseline, level=5, 720x1088, 0kbps, 0fps, 0s)
[2020-11-11 03:43:57.382][trace][20008][108] src/app/srs_app_rtmp_conn.cpp:1000: <- CPB time=140001, okbps=0,0,0, ikbps=153,163,0, mr=0/350, p1stpt=20000, pnt=20000
[2020-11-11 03:43:58.600][trace][20008][0] src/app/srs_app_agora.cpp:877: update sps/pps. (stream=S86Ob3zvob3M0nNdIDvT7zk5PNPcfxWy)
[2020-11-11 03:43:58.607][trace][20008][104] src/app/srs_app_source.cpp:1974: 46B video sh,  codec(7, profile=Baseline, level=5, 720x1088, 0kbps, 0fps, 0s)
[2020-11-11 03:44:00.366][trace][20008][0] src/app/srs_app_agora.cpp:877: update sps/pps. (stream=S86Ob3zvob3M0nNdIDvT7zk5PNPcfxWy)
[2020-11-11 03:44:00.375][trace][20008][104] src/app/srs_app_source.cpp:1974: 46B video sh,  codec(7, profile=Baseline, level=5, 720x1088, 0kbps, 0fps, 0s)
[2020-11-11 03:44:04.461][trace][20008][113] src/app/srs_app_rtmp_conn.cpp:807: -> PLA time=160001, msgs=1, okbps=326,262,0, ikbps=0,0,0, mw=30
[2020-11-11 03:44:06.437][trace][20008][100] src/app/srs_app_agora.cpp:877: update sps/pps. (stream=S86Ob3zvob3M0nNdIDvT7zk5PNPcfxWy)
[2020-11-11 03:44:06.439][trace][20008][104] src/app/srs_app_source.cpp:1974: 46B video sh,  codec(7, profile=Baseline, level=5, 720x1088, 0kbps, 0fps, 0s)
[2020-11-11 03:44:08.514][trace][20008][0] src/app/srs_app_agora.cpp:877: update sps/pps. (stream=S86Ob3zvob3M0nNdIDvT7zk5PNPcfxWy)
[2020-11-11 03:44:08.520][trace][20008][104] src/app/srs_app_source.cpp:1974: 46B video sh,  codec(7, profile=Baseline, level=5, 720x1088, 0kbps, 0fps, 0s)
[2020-11-11 03:44:10.520][trace][20008][0] src/app/srs_app_agora.cpp:877: update sps/pps. (stream=S86Ob3zvob3M0nNdIDvT7zk5PNPcfxWy)
[2020-11-11 03:44:10.527][trace][20008][104] src/app/srs_app_source.cpp:1974: 46B video sh,  codec(7, profile=Baseline, level=5, 720x1088, 0kbps, 0fps, 0s)
[2020-11-11 03:44:12.505][trace][20008][0] src/app/srs_app_agora.cpp:877: update sps/pps. (stream=S86Ob3zvob3M0nNdIDvT7zk5PNPcfxWy)
[2020-11-11 03:44:12.515][trace][20008][104] src/app/srs_app_source.cpp:1974: 46B video sh,  codec(7, profile=Baseline, level=5, 720x1088, 0kbps, 0fps, 0s)
[2020-11-11 03:44:14.483][trace][20008][113] src/app/srs_app_rtmp_conn.cpp:807: -> PLA time=170001, msgs=1, okbps=321,262,0, ikbps=0,0,0, mw=30
[2020-11-11 03:44:17.382][trace][20008][108] src/app/srs_app_rtmp_conn.cpp:1000: <- CPB time=160001, okbps=0,0,0, ikbps=157,132,0, mr=0/350, p1stpt=20000, pnt=20000
[2020-11-11 03:44:22.581][trace][20008][0] src/app/srs_app_agora.cpp:877: update sps/pps. (stream=S86Ob3zvob3M0nNdIDvT7zk5PNPcfxWy)
[2020-11-11 03:44:22.583][trace][20008][104] src/app/srs_app_source.cpp:1974: 46B video sh,  codec(7, profile=Baseline, level=5, 720x1088, 0kbps, 0fps, 0s)
[2020-11-11 03:44:24.463][trace][20008][113] src/app/srs_app_rtmp_conn.cpp:807: -> PLA time=180001, msgs=1, okbps=318,262,0, ikbps=0,0,0, mw=30
[2020-11-11 03:44:24.486][trace][20008][0] src/app/srs_app_agora.cpp:877: update sps/pps. (stream=S86Ob3zvob3M0nNdIDvT7zk5PNPcfxWy)
[2020-11-11 03:44:24.493][trace][20008][104] src/app/srs_app_source.cpp:1974: 46B video sh,  codec(7, profile=Baseline, level=5, 720x1088, 0kbps, 0fps, 0s)
[2020-11-11 03:44:28.499][trace][20008][0] src/app/srs_app_agora.cpp:877: update sps/pps. (stream=S86Ob3zvob3M0nNdIDvT7zk5PNPcfxWy)
[2020-11-11 03:44:28.502][trace][20008][104] src/app/srs_app_source.cpp:1974: 46B video sh,  codec(7, profile=Baseline, level=5, 720x1088, 0kbps, 0fps, 0s)
[2020-11-11 03:44:30.425][trace][20008][0] src/app/srs_app_agora.cpp:877: update sps/pps. (stream=S86Ob3zvob3M0nNdIDvT7zk5PNPcfxWy)
[2020-11-11 03:44:30.432][trace][20008][104] src/app/srs_app_source.cpp:1974: 46B video sh,  codec(7, profile=Baseline, level=5, 720x1088, 0kbps, 0fps, 0s)
[2020-11-11 03:44:32.522][trace][20008][0] src/app/srs_app_agora.cpp:877: update sps/pps. (stream=S86Ob3zvob3M0nNdIDvT7zk5PNPcfxWy)
[2020-11-11 03:44:32.530][trace][20008][104] src/app/srs_app_source.cpp:1974: 46B video sh,  codec(7, profile=Baseline, level=5, 720x1088, 0kbps, 0fps, 0s)
[2020-11-11 03:44:34.476][trace][20008][113] src/app/srs_app_rtmp_conn.cpp:807: -> PLA time=190001, msgs=1, okbps=315,255,0, ikbps=0,0,0, mw=30
[2020-11-11 03:44:34.508][trace][20008][0] src/app/srs_app_agora.cpp:877: update sps/pps. (stream=S86Ob3zvob3M0nNdIDvT7zk5PNPcfxWy)
[2020-11-11 03:44:34.516][trace][20008][104] src/app/srs_app_source.cpp:1974: 46B video sh,  codec(7, profile=Baseline, level=5, 720x1088, 0kbps, 0fps, 0s)
[2020-11-11 03:44:36.495][trace][20008][0] src/app/srs_app_agora.cpp:877: update sps/pps. (stream=S86Ob3zvob3M0nNdIDvT7zk5PNPcfxWy)
[2020-11-11 03:44:36.501][trace][20008][104] src/app/srs_app_source.cpp:1974: 46B video sh,  codec(7, profile=Baseline, level=5, 720x1088, 0kbps, 0fps, 0s)
[2020-11-11 03:44:37.382][trace][20008][108] src/app/srs_app_rtmp_conn.cpp:1000: <- CPB time=180001, okbps=0,0,0, ikbps=161,170,0, mr=0/350, p1stpt=20000, pnt=20000
[2020-11-11 03:44:38.591][trace][20008][0] src/app/srs_app_agora.cpp:877: update sps/pps. (stream=S86Ob3zvob3M0nNdIDvT7zk5PNPcfxWy)
[2020-11-11 03:44:38.594][trace][20008][104] src/app/srs_app_source.cpp:1974: 46B video sh,  codec(7, profile=Baseline, level=5, 720x1088, 0kbps, 0fps, 0s)
[2020-11-11 03:44:44.460][trace][20008][113] src/app/srs_app_rtmp_conn.cpp:807: -> PLA time=200001, msgs=1, okbps=312,255,0, ikbps=0,0,0, mw=30
[2020-11-11 03:44:44.471][trace][20008][0] src/app/srs_app_agora.cpp:877: update sps/pps. (stream=S86Ob3zvob3M0nNdIDvT7zk5PNPcfxWy)
[2020-11-11 03:44:44.481][trace][20008][104] src/app/srs_app_source.cpp:1974: 46B video sh,  codec(7, profile=Baseline, level=5, 720x1088, 0kbps, 0fps, 0s)
[2020-11-11 03:44:46.421][trace][20008][0] src/app/srs_app_agora.cpp:877: update sps/pps. (stream=S86Ob3zvob3M0nNdIDvT7zk5PNPcfxWy)
[2020-11-11 03:44:46.425][trace][20008][104] src/app/srs_app_source.cpp:1974: 46B video sh,  codec(7, profile=Baseline, level=5, 720x1088, 0kbps, 0fps, 0s)
[2020-11-11 03:44:48.450][trace][20008][0] src/app/srs_app_agora.cpp:877: update sps/pps. (stream=S86Ob3zvob3M0nNdIDvT7zk5PNPcfxWy)
[2020-11-11 03:44:48.452][trace][20008][104] src/app/srs_app_source.cpp:1974: 46B video sh,  codec(7, profile=Baseline, level=5, 720x1088, 0kbps, 0fps, 0s)
[2020-11-11 03:44:52.501][trace][20008][0] src/app/srs_app_agora.cpp:877: update sps/pps. (stream=S86Ob3zvob3M0nNdIDvT7zk5PNPcfxWy)
[2020-11-11 03:44:52.506][trace][20008][104] src/app/srs_app_source.cpp:1974: 46B video sh,  codec(7, profile=Baseline, level=5, 720x1088, 0kbps, 0fps, 0s)
[2020-11-11 03:44:54.454][trace][20008][0] src/app/srs_app_agora.cpp:877: update sps/pps. (stream=S86Ob3zvob3M0nNdIDvT7zk5PNPcfxWy)
[2020-11-11 03:44:54.461][trace][20008][104] src/app/srs_app_source.cpp:1974: 46B video sh,  codec(7, profile=Baseline, level=5, 720x1088, 0kbps, 0fps, 0s)
[2020-11-11 03:44:54.461][trace][20008][113] src/app/srs_app_rtmp_conn.cpp:807: -> PLA time=210001, msgs=1, okbps=309,255,0, ikbps=0,0,0, mw=30
[2020-11-11 03:44:56.400][trace][20008][0] src/app/srs_app_agora.cpp:877: update sps/pps. (stream=S86Ob3zvob3M0nNdIDvT7zk5PNPcfxWy)
[2020-11-11 03:44:56.408][trace][20008][104] src/app/srs_app_source.cpp:1974: 46B video sh,  codec(7, profile=Baseline, level=5, 720x1088, 0kbps, 0fps, 0s)
[2020-11-11 03:44:57.382][trace][20008][108] src/app/srs_app_rtmp_conn.cpp:1000: <- CPB time=200001, okbps=0,0,0, ikbps=166,170,0, mr=0/350, p1stpt=20000, pnt=20000
[2020-11-11 03:45:00.375][trace][20008][0] src/app/srs_app_agora.cpp:877: update sps/pps. (stream=S86Ob3zvob3M0nNdIDvT7zk5PNPcfxWy)
[2020-11-11 03:45:00.383][trace][20008][104] src/app/srs_app_source.cpp:1974: 46B video sh,  codec(7, profile=Baseline, level=5, 720x1088, 0kbps, 0fps, 0s)
[2020-11-11 03:45:02.441][trace][20008][0] src/app/srs_app_agora.cpp:877: update sps/pps. (stream=S86Ob3zvob3M0nNdIDvT7zk5PNPcfxWy)
[2020-11-11 03:45:02.442][trace][20008][104] src/app/srs_app_source.cpp:1974: 46B video sh,  codec(7, profile=Baseline, level=5, 720x1088, 0kbps, 0fps, 0s)
[2020-11-11 03:45:04.387][trace][20008][0] src/app/srs_app_agora.cpp:877: update sps/pps. (stream=S86Ob3zvob3M0nNdIDvT7zk5PNPcfxWy)
[2020-11-11 03:45:04.387][trace][20008][104] src/app/srs_app_source.cpp:1974: 46B video sh,  codec(7, profile=Baseline, level=5, 720x1088, 0kbps, 0fps, 0s)
[2020-11-11 03:45:04.468][trace][20008][113] src/app/srs_app_rtmp_conn.cpp:807: -> PLA time=220001, msgs=1, okbps=306,255,0, ikbps=0,0,0, mw=30
[2020-11-11 03:45:06.333][trace][20008][0] src/app/srs_app_agora.cpp:877: update sps/pps. (stream=S86Ob3zvob3M0nNdIDvT7zk5PNPcfxWy)
[2020-11-11 03:45:06.334][trace][20008][104] src/app/srs_app_source.cpp:1974: 46B video sh,  codec(7, profile=Baseline, level=5, 720x1088, 0kbps, 0fps, 0s)
[2020-11-11 03:45:10.401][trace][20008][0] src/app/srs_app_agora.cpp:877: update sps/pps. (stream=S86Ob3zvob3M0nNdIDvT7zk5PNPcfxWy)
[2020-11-11 03:45:10.411][trace][20008][104] src/app/srs_app_source.cpp:1974: 46B video sh,  codec(7, profile=Baseline, level=5, 720x1088, 0kbps, 0fps, 0s)
[2020-11-11 03:45:12.392][trace][20008][0] src/app/srs_app_agora.cpp:877: update sps/pps. (stream=S86Ob3zvob3M0nNdIDvT7zk5PNPcfxWy)
[2020-11-11 03:45:12.399][trace][20008][104] src/app/srs_app_source.cpp:1974: 46B video sh,  codec(7, profile=Baseline, level=5, 720x1088, 0kbps, 0fps, 0s)
[2020-11-11 03:45:14.335][trace][20008][0] src/app/srs_app_agora.cpp:877: update sps/pps. (stream=S86Ob3zvob3M0nNdIDvT7zk5PNPcfxWy)
[2020-11-11 03:45:14.345][trace][20008][104] src/app/srs_app_source.cpp:1974: 46B video sh,  codec(7, profile=Baseline, level=5, 720x1088, 0kbps, 0fps, 0s)
[2020-11-11 03:45:14.476][trace][20008][113] src/app/srs_app_rtmp_conn.cpp:807: -> PLA time=230001, msgs=1, okbps=306,247,0, ikbps=0,0,0, mw=30
[2020-11-11 03:45:16.331][trace][20008][0] src/app/srs_app_agora.cpp:877: update sps/pps. (stream=S86Ob3zvob3M0nNdIDvT7zk5PNPcfxWy)
[2020-11-11 03:45:16.341][trace][20008][104] src/app/srs_app_source.cpp:1974: 46B video sh,  codec(7, profile=Baseline, level=5, 720x1088, 0kbps, 0fps, 0s)
[2020-11-11 03:45:17.382][trace][20008][108] src/app/srs_app_rtmp_conn.cpp:1000: <- CPB time=220001, okbps=0,0,0, ikbps=167,221,0, mr=0/350, p1stpt=20000, pnt=20000
[2020-11-11 03:45:18.328][trace][20008][0] src/app/srs_app_agora.cpp:877: update sps/pps. (stream=S86Ob3zvob3M0nNdIDvT7zk5PNPcfxWy)
[2020-11-11 03:45:18.334][trace][20008][104] src/app/srs_app_source.cpp:1974: 46B video sh,  codec(7, profile=Baseline, level=5, 720x1088, 0kbps, 0fps, 0s)
[2020-11-11 03:45:20.236][trace][20008][0] src/app/srs_app_agora.cpp:877: update sps/pps. (stream=S86Ob3zvob3M0nNdIDvT7zk5PNPcfxWy)
[2020-11-11 03:45:20.243][trace][20008][104] src/app/srs_app_source.cpp:1974: 46B video sh,  codec(7, profile=Baseline, level=5, 720x1088, 0kbps, 0fps, 0s)
[2020-11-11 03:45:22.243][trace][20008][0] src/app/srs_app_agora.cpp:877: update sps/pps. (stream=S86Ob3zvob3M0nNdIDvT7zk5PNPcfxWy)
[2020-11-11 03:45:22.246][trace][20008][104] src/app/srs_app_source.cpp:1974: 46B video sh,  codec(7, profile=Baseline, level=5, 720x1088, 0kbps, 0fps, 0s)
[2020-11-11 03:45:24.475][trace][20008][113] src/app/srs_app_rtmp_conn.cpp:807: -> PLA time=240001, msgs=1, okbps=314,247,0, ikbps=0,0,0, mw=30
[2020-11-11 03:45:34.469][trace][20008][113] src/app/srs_app_rtmp_conn.cpp:807: -> PLA time=250001, msgs=2, okbps=330,247,0, ikbps=0,0,0, mw=30
[2020-11-11 03:45:37.382][trace][20008][108] src/app/srs_app_rtmp_conn.cpp:1000: <- CPB time=240001, okbps=0,0,0, ikbps=170,200,0, mr=0/350, p1stpt=20000, pnt=20000
